18:21:49 com.coldcore.coloradoftp.connection.impl.GenericDataPortListenerSet [INFO] Data port listeners bound: 10/10
18:21:49 com.coldcore.coloradoftp.core.impl.GenericCore [FATAL] Cannot bind control connector on port 21
java.net.SocketException: Permission denied
	at sun.nio.ch.Net.bind0(Native Method)
	at sun.nio.ch.Net.bind(Net.java:444)
	at sun.nio.ch.Net.bind(Net.java:436)
	at sun.nio.ch.ServerSocketChannelImpl.bind(ServerSocketChannelImpl.java:214)
	at sun.nio.ch.ServerSocketAdaptor.bind(ServerSocketAdaptor.java:74)
	at sun.nio.ch.ServerSocketAdaptor.bind(ServerSocketAdaptor.java:67)
	at com.coldcore.coloradoftp.connection.impl.GenericControlConnector.bind(GenericControlConnector.java:85)
	at com.coldcore.coloradoftp.core.impl.GenericCore.bindControlConnector(GenericCore.java:165)
	at com.coldcore.coloradoftp.core.impl.GenericCore.start(GenericCore.java:67)
	at Launcher.main(Launcher.java:56)
	at sun.reflect.NativeMethodAccessorImpl.invoke0(Native Method)
	at sun.reflect.NativeMethodAccessorImpl.invoke(NativeMethodAccessorImpl.java:57)
	at sun.reflect.DelegatingMethodAccessorImpl.invoke(DelegatingMethodAccessorImpl.java:43)
	at java.lang.reflect.Method.invoke(Method.java:606)
	at com.intellij.rt.execution.application.AppMain.main(AppMain.java:144)
18:21:49 com.coldcore.coloradoftp.connection.impl.GenericDataPortListenerSet [INFO] Data port listeners unbound: 10/10
18:21:51 com.coldcore.coloradoftp.core.impl.GenericCore [INFO] Server terminated
23:25:57 com.coldcore.coloradoftp.connection.impl.GenericDataPortListenerSet [INFO] Data port listeners bound: 10/10
23:25:57 com.coldcore.coloradoftp.core.impl.GenericCore [FATAL] Cannot bind control connector on port 21
java.net.SocketException: Permission denied
	at sun.nio.ch.Net.bind0(Native Method)
	at sun.nio.ch.Net.bind(Net.java:444)
	at sun.nio.ch.Net.bind(Net.java:436)
	at sun.nio.ch.ServerSocketChannelImpl.bind(ServerSocketChannelImpl.java:214)
	at sun.nio.ch.ServerSocketAdaptor.bind(ServerSocketAdaptor.java:74)
	at sun.nio.ch.ServerSocketAdaptor.bind(ServerSocketAdaptor.java:67)
	at com.coldcore.coloradoftp.connection.impl.GenericControlConnector.bind(GenericControlConnector.java:85)
	at com.coldcore.coloradoftp.core.impl.GenericCore.bindControlConnector(GenericCore.java:165)
	at com.coldcore.coloradoftp.core.impl.GenericCore.start(GenericCore.java:67)
	at Launcher.main(Launcher.java:56)
	at sun.reflect.NativeMethodAccessorImpl.invoke0(Native Method)
	at sun.reflect.NativeMethodAccessorImpl.invoke(NativeMethodAccessorImpl.java:57)
	at sun.reflect.DelegatingMethodAccessorImpl.invoke(DelegatingMethodAccessorImpl.java:43)
	at java.lang.reflect.Method.invoke(Method.java:606)
	at com.intellij.rt.execution.application.AppMain.main(AppMain.java:144)
23:25:57 com.coldcore.coloradoftp.connection.impl.GenericDataPortListenerSet [INFO] Data port listeners unbound: 10/10
23:25:59 com.coldcore.coloradoftp.core.impl.GenericCore [INFO] Server terminated
23:38:12 com.coldcore.coloradoftp.connection.impl.GenericDataPortListenerSet [INFO] Data port listeners bound: 10/10
23:38:12 com.coldcore.coloradoftp.connection.impl.GenericControlConnector [INFO] Connector is bound to port 9800
23:38:12 com.coldcore.coloradoftp.core.impl.GenericCore [INFO] Server started
